<?xml version="1.0" encoding="UTF-8"?>
<!-- Generated by org.testng.reporters.JUnitXMLReporter -->
<testsuite hostname="PC" name="fail" tests="3" failures="1" timestamp="13 Jul 2015 09:56:05 GMT" time="0.01" errors="0">
  <testcase name="failingMinusTest" time="0.0" classname="com.comarch.training.FailingCases">
    <failure type="java.lang.AssertionError" message="expected [-4] but found [-5]">
      <![CDATA[java.lang.AssertionError: expected [-4] but found [-5]
	at com.comarch.training.FailingCases.failingMinusTest(FailingCases.java:50)
... Removed 29 stack frames]]>
    </failure>
  </testcase> <!-- failingMinusTest -->
  <testcase name="AddingTest" time="0.0" classname="com.comarch.training.FailingCases">
    <skipped/>
  </testcase> <!-- AddingTest -->
  <testcase name="minusTest" time="0.0" classname="com.comarch.training.FailingCases">
    <skipped/>
  </testcase> <!-- minusTest -->
</testsuite> <!-- fail -->
