<?xml version="1.0" encoding="UTF-8"?>
<!-- Generated by org.testng.reporters.JUnitXMLReporter -->
<testsuite hostname="PC" name="pass" tests="7" failures="0" timestamp="13 Jul 2015 09:56:05 GMT" time="0.05" errors="0">
  <testcase name="AddingTest" time="0.01" classname="com.comarch.training.PositiveCases"/>
  <testcase name="addToMemoryTest" time="0.0" classname="com.comarch.training.PositiveCases"/>
  <testcase name="divideTest" time="0.0" classname="com.comarch.training.PositiveCases"/>
  <testcase name="getMemory" time="0.0" classname="com.comarch.training.PositiveCases"/>
  <testcase name="minusTest" time="0.01" classname="com.comarch.training.PositiveCases"/>
  <testcase name="multiplyTest" time="0.0" classname="com.comarch.training.PositiveCases"/>
  <testcase name="setmemoryTest" time="0.0" classname="com.comarch.training.PositiveCases"/>
</testsuite> <!-- pass -->
